<?xml version='1.0' encoding='UTF-8'?>
<testsuite hostname="YuliaKholodetska" name="lab2.FuncSetSpec" tests="9" errors="0" failures="0" skipped="0" time="0.054" timestamp="2022-03-25T12:12:47">
          <properties>
      <property name="jline.esc.timeout" value="0"/><property name="java.runtime.name" value="OpenJDK Runtime Environment"/><property name="sun.boot.library.path" value="C:\Users\jkhol\.jdks\corretto-1.8.0_252\jre\bin"/><property name="java.vm.version" value="25.252-b09"/><property name="java.vm.vendor" value="Amazon.com Inc."/><property name="java.vendor.url" value="https://aws.amazon.com/corretto/"/><property name="path.separator" value=";"/><property name="jna.loaded" value="true"/><property name="java.vm.name" value="OpenJDK 64-Bit Server VM"/><property name="file.encoding.pkg" value="sun.io"/><property name="user.country" value="US"/><property name="user.script" value=""/><property name="sun.java.launcher" value="SUN_STANDARD"/><property name="sun.os.patch.level" value=""/><property name="jna.nosys" value="true"/><property name="java.vm.specification.name" value="Java Virtual Machine Specification"/><property name="user.dir" value="C:\Users\jkhol\Desktop\IdeaProjects\lab1-2"/><property name="java.runtime.version" value="1.8.0_252-b09"/><property name="java.awt.graphicsenv" value="sun.awt.Win32GraphicsEnvironment"/><property name="idea.managed" value="true"/><property name="java.endorsed.dirs" value="C:\Users\jkhol\.jdks\corretto-1.8.0_252\jre\lib\endorsed"/><property name="os.arch" value="amd64"/><property name="java.io.tmpdir" value="C:\Users\jkhol\AppData\Local\Temp\"/><property name="line.separator" value="
"/><property name="java.vm.specification.vendor" value="Oracle Corporation"/><property name="log4j.ignoreTCL" value="true"/><property name="user.variant" value=""/><property name="os.name" value="Windows 10"/><property name="sbt.log.noformat" value="true"/><property name="sun.jnu.encoding" value="Cp1251"/><property name="jnidispatch.path" value="C:\Users\jkhol\AppData\Local\Temp\jna-101184356\jna4075411276112166089.dll"/><property name="java.library.path" value="C:\Users\jkhol\.jdks\corretto-1.8.0_252\bin;C:\WINDOWS\Sun\Java\bin;C:\WINDOWS\system32;C:\WINDOWS;C:\Python310\Scripts\;C:\Python310\;C:\Windows\system32;C:\Windows;C:\Windows\System32\Wbem;C:\Windows\System32\WindowsPowerShell\v1.0\;C:\Windows\System32\OpenSSH\;C:\Program Files (x86)\NVIDIA Corporation\PhysX\Common;C:\WINDOWS\system32;C:\WINDOWS;C:\WINDOWS\System32\Wbem;C:\WINDOWS\System32\WindowsPowerShell\v1.0\;C:\WINDOWS\System32\OpenSSH\;C:\Program Files\Redis\;C:\Program Files\Intel\WiFi\bin\;C:\Program Files\Common Files\Intel\WirelessCommon\;C:\Program Files\dotnet\;C:\Program Files\Microsoft SQL Server\130\Tools\Binn\;C:\Program Files\Microsoft SQL Server\Client SDK\ODBC\170\Tools\Binn\;C:\cygwin64\bin;C:\Program Files\Git\cmd;C:\ProgramData\chocolatey\bin;C:\Program Files\OpenJDK\openjdk-8u275-b01\bin;C:\Program Files (x86)\Yarn\bin\;C:\Program Files\CMake\bin;C:\Program Files\nodejs\;C:\Program Files\Docker\Docker\resources\bin;C:\ProgramData\DockerDesktop\version-bin;C:\Program Files (x86)\sbt\bin;C:\Users\jkhol\anaconda3;C:\Users\jkhol\anaconda3\Library\mingw-w64\bin;C:\Users\jkhol\anaconda3\Library\usr\bin;C:\Users\jkhol\anaconda3\Library\bin;C:\Users\jkhol\anaconda3\Scripts;C:\Program Files\MySQL\MySQL Shell 8.0\bin\;C:\Users\jkhol\AppData\Local\Programs\Python\Python38\Scripts\;C:\Users\jkhol\AppData\Local\Programs\Python\Python38\;C:\Users\jkhol\Desktop\algotester\Scripts\;C:\Users\jkhol\Desktop\algotester\;C:\Users\jkhol\AppData\Local\Microsoft\WindowsApps;C:\Users\jkhol\.dotnet\tools;C:\Users\jkhol\.pyenv\pyenv-win\bin;C:\Users\jkhol\.pyenv\pyenv-win\shims;C:\Users\jkhol\AppData\Local\Microsoft\WindowsApps;C:\Users\jkhol\AppData\Local\Programs\Microsoft VS Code\bin;C:\Users\jkhol\AppData\Local\Yarn\bin;C:\Program Files\heroku\bin;C:\tools\opencv\build\include;C:\tools\opencv\build\x64\vc15\bin;&quot;;C:\OpenCV\opencv\build\x64\vc15\bin;&quot;;C:\Users\jkhol\AppData\Roaming\npm;C:\Program Files\JetBrains\IntelliJ IDEA 2021.3.3\bin;;."/><property name="sbt.version" value="1.5.8"/><property name="java.specification.name" value="Java Platform API Specification"/><property name="java.class.version" value="52.0"/><property name="sun.management.compiler" value="HotSpot 64-Bit Tiered Compilers"/><property name="os.version" value="10.0"/><property name="swoval.tmpdir" value="C:\Users\jkhol\.sbt\1.0"/><property name="user.home" value="C:\Users\jkhol"/><property name="user.timezone" value="Europe/Helsinki"/><property name="java.awt.printerjob" value="sun.awt.windows.WPrinterJob"/><property name="idea.installation.dir" value="C:\Program Files\JetBrains\IntelliJ IDEA Community Edition 2021.3.3"/><property name="file.encoding" value="UTF-8"/><property name="java.specification.version" value="1.8"/><property name="java.class.path" value="C:\Users\jkhol\AppData\Roaming\JetBrains\IdeaIC2021.3\plugins\Scala\launcher\sbt-launch.jar"/><property name="user.name" value="jkhol"/><property name="jline.shutdownhook" value="false"/><property name="java.vm.specification.version" value="1.8"/><property name="sun.java.command" value="C:\Users\jkhol\AppData\Roaming\JetBrains\IdeaIC2021.3\plugins\Scala\launcher\sbt-launch.jar early(addPluginSbtFile=&quot;&quot;&quot;C:\Users\jkhol\AppData\Local\Temp\idea.sbt&quot;&quot;&quot;) ; set ideaPort in Global := 49262 ; idea-shell"/><property name="java.home" value="C:\Users\jkhol\.jdks\corretto-1.8.0_252\jre"/><property name="sun.arch.data.model" value="64"/><property name="user.language" value="en"/><property name="java.specification.vendor" value="Oracle Corporation"/><property name="awt.toolkit" value="sun.awt.windows.WToolkit"/><property name="java.vm.info" value="mixed mode"/><property name="java.version" value="1.8.0_252"/><property name="java.ext.dirs" value="C:\Users\jkhol\.jdks\corretto-1.8.0_252\jre\lib\ext;C:\WINDOWS\Sun\Java\lib\ext"/><property name="sun.boot.class.path" value="C:\Users\jkhol\.jdks\corretto-1.8.0_252\jre\lib\resources.jar;C:\Users\jkhol\.jdks\corretto-1.8.0_252\jre\lib\rt.jar;C:\Users\jkhol\.jdks\corretto-1.8.0_252\jre\lib\sunrsasign.jar;C:\Users\jkhol\.jdks\corretto-1.8.0_252\jre\lib\jsse.jar;C:\Users\jkhol\.jdks\corretto-1.8.0_252\jre\lib\jce.jar;C:\Users\jkhol\.jdks\corretto-1.8.0_252\jre\lib\charsets.jar;C:\Users\jkhol\.jdks\corretto-1.8.0_252\jre\lib\jfr.jar;C:\Users\jkhol\.jdks\corretto-1.8.0_252\jre\classes"/><property name="java.vendor" value="Amazon.com Inc."/><property name="sun.stderr.encoding" value="cp866"/><property name="file.separator" value="\"/><property name="java.vendor.url.bug" value="https://github.com/corretto/corretto-8/issues/"/><property name="sbt.supershell" value="false"/><property name="sun.io.unicode.encoding" value="UnicodeLittle"/><property name="sun.cpu.endian" value="little"/><property name="sun.stdout.encoding" value="cp866"/><property name="sun.desktop" value="windows"/><property name="sun.cpu.isalist" value="amd64"/>
    </properties>
          <testcase classname="lab2.FuncSetSpec" name="contains" time="0.017">
                      
                    </testcase><testcase classname="lab2.FuncSetSpec" name="singletonSet" time="0.0">
                      
                    </testcase><testcase classname="lab2.FuncSetSpec" name="union" time="0.002">
                      
                    </testcase><testcase classname="lab2.FuncSetSpec" name="intersect" time="0.002">
                      
                    </testcase><testcase classname="lab2.FuncSetSpec" name="diff" time="0.0">
                      
                    </testcase><testcase classname="lab2.FuncSetSpec" name="filter" time="0.001">
                      
                    </testcase><testcase classname="lab2.FuncSetSpec" name="forall" time="0.001">
                      
                    </testcase><testcase classname="lab2.FuncSetSpec" name="exists" time="0.002">
                      
                    </testcase><testcase classname="lab2.FuncSetSpec" name="map" time="0.029">
                      
                    </testcase>
          <system-out><![CDATA[]]></system-out>
          <system-err><![CDATA[]]></system-err>
        </testsuite>